<?xml version="1.0" encoding="UTF-8"?>
<testsuite xmlns:xsi="http://www.w3.org/2001/XMLSchema-instance" xsi:noNamespaceSchemaLocation="https://maven.apache.org/surefire/maven-surefire-plugin/xsd/surefire-test-report.xsd" version="3.0.2" name="TestSuite" time="62.691" tests="6" errors="0" skipped="0" failures="0">
  <properties>
    <property name="java.specification.version" value="21"/>
    <property name="sun.cpu.isalist" value="amd64"/>
    <property name="sun.jnu.encoding" value="Cp1252"/>
    <property name="java.class.path" value="C:\Users\saran\git\Cucumber_demo2\Cucumber_demo2\target\test-classes;C:\Users\saran\git\Cucumber_demo2\Cucumber_demo2\target\classes;C:\Users\saran\.m2\repository\org\seleniumhq\selenium\selenium-java\4.30.0\selenium-java-4.30.0.jar;C:\Users\saran\.m2\repository\org\seleniumhq\selenium\selenium-api\4.30.0\selenium-api-4.30.0.jar;C:\Users\saran\.m2\repository\org\jspecify\jspecify\1.0.0\jspecify-1.0.0.jar;C:\Users\saran\.m2\repository\org\seleniumhq\selenium\selenium-chrome-driver\4.30.0\selenium-chrome-driver-4.30.0.jar;C:\Users\saran\.m2\repository\com\google\auto\service\auto-service-annotations\1.1.1\auto-service-annotations-1.1.1.jar;C:\Users\saran\.m2\repository\org\seleniumhq\selenium\selenium-chromium-driver\4.30.0\selenium-chromium-driver-4.30.0.jar;C:\Users\saran\.m2\repository\org\seleniumhq\selenium\selenium-json\4.30.0\selenium-json-4.30.0.jar;C:\Users\saran\.m2\repository\org\seleniumhq\selenium\selenium-manager\4.30.0\selenium-manager-4.30.0.jar;C:\Users\saran\.m2\repository\org\seleniumhq\selenium\selenium-devtools-v132\4.30.0\selenium-devtools-v132-4.30.0.jar;C:\Users\saran\.m2\repository\org\seleniumhq\selenium\selenium-devtools-v133\4.30.0\selenium-devtools-v133-4.30.0.jar;C:\Users\saran\.m2\repository\org\seleniumhq\selenium\selenium-devtools-v134\4.30.0\selenium-devtools-v134-4.30.0.jar;C:\Users\saran\.m2\repository\org\seleniumhq\selenium\selenium-edge-driver\4.30.0\selenium-edge-driver-4.30.0.jar;C:\Users\saran\.m2\repository\org\seleniumhq\selenium\selenium-firefox-driver\4.30.0\selenium-firefox-driver-4.30.0.jar;C:\Users\saran\.m2\repository\org\seleniumhq\selenium\selenium-http\4.30.0\selenium-http-4.30.0.jar;C:\Users\saran\.m2\repository\org\seleniumhq\selenium\selenium-ie-driver\4.30.0\selenium-ie-driver-4.30.0.jar;C:\Users\saran\.m2\repository\org\seleniumhq\selenium\selenium-remote-driver\4.30.0\selenium-remote-driver-4.30.0.jar;C:\Users\saran\.m2\repository\com\google\guava\guava\33.4.5-jre\guava-33.4.5-jre.jar;C:\Users\saran\.m2\repository\com\google\guava\failureaccess\1.0.3\failureaccess-1.0.3.jar;C:\Users\saran\.m2\repository\com\google\guava\listenablefuture\9999.0-empty-to-avoid-conflict-with-guava\listenablefuture-9999.0-empty-to-avoid-conflict-with-guava.jar;C:\Users\saran\.m2\repository\com\google\errorprone\error_prone_annotations\2.36.0\error_prone_annotations-2.36.0.jar;C:\Users\saran\.m2\repository\com\google\j2objc\j2objc-annotations\3.0.0\j2objc-annotations-3.0.0.jar;C:\Users\saran\.m2\repository\io\opentelemetry\opentelemetry-api\1.48.0\opentelemetry-api-1.48.0.jar;C:\Users\saran\.m2\repository\io\opentelemetry\opentelemetry-context\1.48.0\opentelemetry-context-1.48.0.jar;C:\Users\saran\.m2\repository\io\opentelemetry\opentelemetry-exporter-logging\1.48.0\opentelemetry-exporter-logging-1.48.0.jar;C:\Users\saran\.m2\repository\io\opentelemetry\opentelemetry-sdk-common\1.48.0\opentelemetry-sdk-common-1.48.0.jar;C:\Users\saran\.m2\repository\io\opentelemetry\opentelemetry-sdk-extension-autoconfigure-spi\1.48.0\opentelemetry-sdk-extension-autoconfigure-spi-1.48.0.jar;C:\Users\saran\.m2\repository\io\opentelemetry\opentelemetry-sdk-extension-autoconfigure\1.48.0\opentelemetry-sdk-extension-autoconfigure-1.48.0.jar;C:\Users\saran\.m2\repository\io\opentelemetry\opentelemetry-sdk-trace\1.48.0\opentelemetry-sdk-trace-1.48.0.jar;C:\Users\saran\.m2\repository\io\opentelemetry\opentelemetry-sdk\1.48.0\opentelemetry-sdk-1.48.0.jar;C:\Users\saran\.m2\repository\io\opentelemetry\opentelemetry-sdk-metrics\1.48.0\opentelemetry-sdk-metrics-1.48.0.jar;C:\Users\saran\.m2\repository\io\opentelemetry\opentelemetry-sdk-logs\1.48.0\opentelemetry-sdk-logs-1.48.0.jar;C:\Users\saran\.m2\repository\net\bytebuddy\byte-buddy\1.17.2\byte-buddy-1.17.2.jar;C:\Users\saran\.m2\repository\org\seleniumhq\selenium\selenium-os\4.30.0\selenium-os-4.30.0.jar;C:\Users\saran\.m2\repository\org\apache\commons\commons-exec\1.4.0\commons-exec-1.4.0.jar;C:\Users\saran\.m2\repository\org\seleniumhq\selenium\selenium-safari-driver\4.30.0\selenium-safari-driver-4.30.0.jar;C:\Users\saran\.m2\repository\org\seleniumhq\selenium\selenium-support\4.30.0\selenium-support-4.30.0.jar;C:\Users\saran\.m2\repository\org\testng\testng\7.11.0\testng-7.11.0.jar;C:\Users\saran\.m2\repository\org\slf4j\slf4j-api\2.0.16\slf4j-api-2.0.16.jar;C:\Users\saran\.m2\repository\org\jcommander\jcommander\1.83\jcommander-1.83.jar;C:\Users\saran\.m2\repository\org\webjars\jquery\3.7.1\jquery-3.7.1.jar;C:\Users\saran\.m2\repository\io\cucumber\cucumber-java\7.21.1\cucumber-java-7.21.1.jar;C:\Users\saran\.m2\repository\io\cucumber\cucumber-core\7.21.1\cucumber-core-7.21.1.jar;C:\Users\saran\.m2\repository\io\cucumber\cucumber-gherkin\7.21.1\cucumber-gherkin-7.21.1.jar;C:\Users\saran\.m2\repository\io\cucumber\cucumber-gherkin-messages\7.21.1\cucumber-gherkin-messages-7.21.1.jar;C:\Users\saran\.m2\repository\io\cucumber\gherkin\31.0.0\gherkin-31.0.0.jar;C:\Users\saran\.m2\repository\io\cucumber\messages\27.2.0\messages-27.2.0.jar;C:\Users\saran\.m2\repository\io\cucumber\testng-xml-formatter\0.3.1\testng-xml-formatter-0.3.1.jar;C:\Users\saran\.m2\repository\io\cucumber\query\13.2.0\query-13.2.0.jar;C:\Users\saran\.m2\repository\io\cucumber\tag-expressions\6.1.2\tag-expressions-6.1.2.jar;C:\Users\saran\.m2\repository\io\cucumber\cucumber-expressions\18.0.1\cucumber-expressions-18.0.1.jar;C:\Users\saran\.m2\repository\io\cucumber\datatable\7.21.1\datatable-7.21.1.jar;C:\Users\saran\.m2\repository\io\cucumber\cucumber-plugin\7.21.1\cucumber-plugin-7.21.1.jar;C:\Users\saran\.m2\repository\io\cucumber\docstring\7.21.1\docstring-7.21.1.jar;C:\Users\saran\.m2\repository\io\cucumber\html-formatter\21.9.0\html-formatter-21.9.0.jar;C:\Users\saran\.m2\repository\io\cucumber\junit-xml-formatter\0.7.1\junit-xml-formatter-0.7.1.jar;C:\Users\saran\.m2\repository\io\cucumber\ci-environment\10.0.1\ci-environment-10.0.1.jar;C:\Users\saran\.m2\repository\org\apiguardian\apiguardian-api\1.1.2\apiguardian-api-1.1.2.jar;C:\Users\saran\.m2\repository\io\cucumber\cucumber-testng\7.21.1\cucumber-testng-7.21.1.jar;C:\Users\saran\.m2\repository\junit\junit\4.13.2\junit-4.13.2.jar;C:\Users\saran\.m2\repository\org\hamcrest\hamcrest-core\1.3\hamcrest-core-1.3.jar;C:\Users\saran\.m2\repository\io\cucumber\cucumber-junit\7.21.1\cucumber-junit-7.21.1.jar;"/>
    <property name="java.vm.vendor" value="Eclipse Adoptium"/>
    <property name="sun.arch.data.model" value="64"/>
    <property name="user.variant" value=""/>
    <property name="java.vendor.url" value="https://adoptium.net/"/>
    <property name="user.timezone" value="Asia/Calcutta"/>
    <property name="os.name" value="Windows 11"/>
    <property name="java.vm.specification.version" value="21"/>
    <property name="sun.java.launcher" value="SUN_STANDARD"/>
    <property name="user.country" value="IN"/>
    <property name="sun.boot.library.path" value="C:\Users\saran\.p2\pool\plugins\org.eclipse.justj.openjdk.hotspot.jre.full.win32.x86_64_21.0.6.v20250130-0529\jre\bin"/>
    <property name="sun.java.command" value="C:\Users\saran\AppData\Local\Temp\surefire7254449370939177890\surefirebooter-20250403074515489_3.jar C:\Users\saran\AppData\Local\Temp\surefire7254449370939177890 2025-04-03T07-45-15_285-jvmRun1 surefire-20250403074515489_1tmp surefire_0-20250403074515489_2tmp"/>
    <property name="jdk.debug" value="release"/>
    <property name="surefire.test.class.path" value="C:\Users\saran\git\Cucumber_demo2\Cucumber_demo2\target\test-classes;C:\Users\saran\git\Cucumber_demo2\Cucumber_demo2\target\classes;C:\Users\saran\.m2\repository\org\seleniumhq\selenium\selenium-java\4.30.0\selenium-java-4.30.0.jar;C:\Users\saran\.m2\repository\org\seleniumhq\selenium\selenium-api\4.30.0\selenium-api-4.30.0.jar;C:\Users\saran\.m2\repository\org\jspecify\jspecify\1.0.0\jspecify-1.0.0.jar;C:\Users\saran\.m2\repository\org\seleniumhq\selenium\selenium-chrome-driver\4.30.0\selenium-chrome-driver-4.30.0.jar;C:\Users\saran\.m2\repository\com\google\auto\service\auto-service-annotations\1.1.1\auto-service-annotations-1.1.1.jar;C:\Users\saran\.m2\repository\org\seleniumhq\selenium\selenium-chromium-driver\4.30.0\selenium-chromium-driver-4.30.0.jar;C:\Users\saran\.m2\repository\org\seleniumhq\selenium\selenium-json\4.30.0\selenium-json-4.30.0.jar;C:\Users\saran\.m2\repository\org\seleniumhq\selenium\selenium-manager\4.30.0\selenium-manager-4.30.0.jar;C:\Users\saran\.m2\repository\org\seleniumhq\selenium\selenium-devtools-v132\4.30.0\selenium-devtools-v132-4.30.0.jar;C:\Users\saran\.m2\repository\org\seleniumhq\selenium\selenium-devtools-v133\4.30.0\selenium-devtools-v133-4.30.0.jar;C:\Users\saran\.m2\repository\org\seleniumhq\selenium\selenium-devtools-v134\4.30.0\selenium-devtools-v134-4.30.0.jar;C:\Users\saran\.m2\repository\org\seleniumhq\selenium\selenium-edge-driver\4.30.0\selenium-edge-driver-4.30.0.jar;C:\Users\saran\.m2\repository\org\seleniumhq\selenium\selenium-firefox-driver\4.30.0\selenium-firefox-driver-4.30.0.jar;C:\Users\saran\.m2\repository\org\seleniumhq\selenium\selenium-http\4.30.0\selenium-http-4.30.0.jar;C:\Users\saran\.m2\repository\org\seleniumhq\selenium\selenium-ie-driver\4.30.0\selenium-ie-driver-4.30.0.jar;C:\Users\saran\.m2\repository\org\seleniumhq\selenium\selenium-remote-driver\4.30.0\selenium-remote-driver-4.30.0.jar;C:\Users\saran\.m2\repository\com\google\guava\guava\33.4.5-jre\guava-33.4.5-jre.jar;C:\Users\saran\.m2\repository\com\google\guava\failureaccess\1.0.3\failureaccess-1.0.3.jar;C:\Users\saran\.m2\repository\com\google\guava\listenablefuture\9999.0-empty-to-avoid-conflict-with-guava\listenablefuture-9999.0-empty-to-avoid-conflict-with-guava.jar;C:\Users\saran\.m2\repository\com\google\errorprone\error_prone_annotations\2.36.0\error_prone_annotations-2.36.0.jar;C:\Users\saran\.m2\repository\com\google\j2objc\j2objc-annotations\3.0.0\j2objc-annotations-3.0.0.jar;C:\Users\saran\.m2\repository\io\opentelemetry\opentelemetry-api\1.48.0\opentelemetry-api-1.48.0.jar;C:\Users\saran\.m2\repository\io\opentelemetry\opentelemetry-context\1.48.0\opentelemetry-context-1.48.0.jar;C:\Users\saran\.m2\repository\io\opentelemetry\opentelemetry-exporter-logging\1.48.0\opentelemetry-exporter-logging-1.48.0.jar;C:\Users\saran\.m2\repository\io\opentelemetry\opentelemetry-sdk-common\1.48.0\opentelemetry-sdk-common-1.48.0.jar;C:\Users\saran\.m2\repository\io\opentelemetry\opentelemetry-sdk-extension-autoconfigure-spi\1.48.0\opentelemetry-sdk-extension-autoconfigure-spi-1.48.0.jar;C:\Users\saran\.m2\repository\io\opentelemetry\opentelemetry-sdk-extension-autoconfigure\1.48.0\opentelemetry-sdk-extension-autoconfigure-1.48.0.jar;C:\Users\saran\.m2\repository\io\opentelemetry\opentelemetry-sdk-trace\1.48.0\opentelemetry-sdk-trace-1.48.0.jar;C:\Users\saran\.m2\repository\io\opentelemetry\opentelemetry-sdk\1.48.0\opentelemetry-sdk-1.48.0.jar;C:\Users\saran\.m2\repository\io\opentelemetry\opentelemetry-sdk-metrics\1.48.0\opentelemetry-sdk-metrics-1.48.0.jar;C:\Users\saran\.m2\repository\io\opentelemetry\opentelemetry-sdk-logs\1.48.0\opentelemetry-sdk-logs-1.48.0.jar;C:\Users\saran\.m2\repository\net\bytebuddy\byte-buddy\1.17.2\byte-buddy-1.17.2.jar;C:\Users\saran\.m2\repository\org\seleniumhq\selenium\selenium-os\4.30.0\selenium-os-4.30.0.jar;C:\Users\saran\.m2\repository\org\apache\commons\commons-exec\1.4.0\commons-exec-1.4.0.jar;C:\Users\saran\.m2\repository\org\seleniumhq\selenium\selenium-safari-driver\4.30.0\selenium-safari-driver-4.30.0.jar;C:\Users\saran\.m2\repository\org\seleniumhq\selenium\selenium-support\4.30.0\selenium-support-4.30.0.jar;C:\Users\saran\.m2\repository\org\testng\testng\7.11.0\testng-7.11.0.jar;C:\Users\saran\.m2\repository\org\slf4j\slf4j-api\2.0.16\slf4j-api-2.0.16.jar;C:\Users\saran\.m2\repository\org\jcommander\jcommander\1.83\jcommander-1.83.jar;C:\Users\saran\.m2\repository\org\webjars\jquery\3.7.1\jquery-3.7.1.jar;C:\Users\saran\.m2\repository\io\cucumber\cucumber-java\7.21.1\cucumber-java-7.21.1.jar;C:\Users\saran\.m2\repository\io\cucumber\cucumber-core\7.21.1\cucumber-core-7.21.1.jar;C:\Users\saran\.m2\repository\io\cucumber\cucumber-gherkin\7.21.1\cucumber-gherkin-7.21.1.jar;C:\Users\saran\.m2\repository\io\cucumber\cucumber-gherkin-messages\7.21.1\cucumber-gherkin-messages-7.21.1.jar;C:\Users\saran\.m2\repository\io\cucumber\gherkin\31.0.0\gherkin-31.0.0.jar;C:\Users\saran\.m2\repository\io\cucumber\messages\27.2.0\messages-27.2.0.jar;C:\Users\saran\.m2\repository\io\cucumber\testng-xml-formatter\0.3.1\testng-xml-formatter-0.3.1.jar;C:\Users\saran\.m2\repository\io\cucumber\query\13.2.0\query-13.2.0.jar;C:\Users\saran\.m2\repository\io\cucumber\tag-expressions\6.1.2\tag-expressions-6.1.2.jar;C:\Users\saran\.m2\repository\io\cucumber\cucumber-expressions\18.0.1\cucumber-expressions-18.0.1.jar;C:\Users\saran\.m2\repository\io\cucumber\datatable\7.21.1\datatable-7.21.1.jar;C:\Users\saran\.m2\repository\io\cucumber\cucumber-plugin\7.21.1\cucumber-plugin-7.21.1.jar;C:\Users\saran\.m2\repository\io\cucumber\docstring\7.21.1\docstring-7.21.1.jar;C:\Users\saran\.m2\repository\io\cucumber\html-formatter\21.9.0\html-formatter-21.9.0.jar;C:\Users\saran\.m2\repository\io\cucumber\junit-xml-formatter\0.7.1\junit-xml-formatter-0.7.1.jar;C:\Users\saran\.m2\repository\io\cucumber\ci-environment\10.0.1\ci-environment-10.0.1.jar;C:\Users\saran\.m2\repository\org\apiguardian\apiguardian-api\1.1.2\apiguardian-api-1.1.2.jar;C:\Users\saran\.m2\repository\io\cucumber\cucumber-testng\7.21.1\cucumber-testng-7.21.1.jar;C:\Users\saran\.m2\repository\junit\junit\4.13.2\junit-4.13.2.jar;C:\Users\saran\.m2\repository\org\hamcrest\hamcrest-core\1.3\hamcrest-core-1.3.jar;C:\Users\saran\.m2\repository\io\cucumber\cucumber-junit\7.21.1\cucumber-junit-7.21.1.jar;"/>
    <property name="sun.cpu.endian" value="little"/>
    <property name="user.home" value="C:\Users\saran"/>
    <property name="user.language" value="en"/>
    <property name="java.specification.vendor" value="Oracle Corporation"/>
    <property name="java.version.date" value="2025-01-21"/>
    <property name="java.home" value="C:\Users\saran\.p2\pool\plugins\org.eclipse.justj.openjdk.hotspot.jre.full.win32.x86_64_21.0.6.v20250130-0529\jre"/>
    <property name="file.separator" value="\"/>
    <property name="basedir" value="C:\Users\saran\git\Cucumber_demo2\Cucumber_demo2"/>
    <property name="style.color" value="always"/>
    <property name="java.vm.compressedOopsMode" value="Zero based"/>
    <property name="line.separator" value="&#10;"/>
    <property name="java.vm.specification.vendor" value="Oracle Corporation"/>
    <property name="java.specification.name" value="Java Platform API Specification"/>
    <property name="surefire.real.class.path" value="C:\Users\saran\AppData\Local\Temp\surefire7254449370939177890\surefirebooter-20250403074515489_3.jar"/>
    <property name="user.script" value=""/>
    <property name="sun.management.compiler" value="HotSpot 64-Bit Tiered Compilers"/>
    <property name="java.runtime.version" value="21.0.6+7-LTS"/>
    <property name="user.name" value="saran"/>
    <property name="stdout.encoding" value="Cp1252"/>
    <property name="path.separator" value=";"/>
    <property name="os.version" value="10.0"/>
    <property name="java.runtime.name" value="OpenJDK Runtime Environment"/>
    <property name="file.encoding" value="UTF-8"/>
    <property name="java.vm.name" value="OpenJDK 64-Bit Server VM"/>
    <property name="java.vendor.version" value="Temurin-21.0.6+7"/>
    <property name="localRepository" value="C:\Users\saran\.m2\repository"/>
    <property name="java.vendor.url.bug" value="https://github.com/adoptium/adoptium-support/issues"/>
    <property name="java.io.tmpdir" value="C:\Users\saran\AppData\Local\Temp\"/>
    <property name="java.version" value="21.0.6"/>
    <property name="user.dir" value="C:\Users\saran\git\Cucumber_demo2\Cucumber_demo2"/>
    <property name="os.arch" value="amd64"/>
    <property name="java.vm.specification.name" value="Java Virtual Machine Specification"/>
    <property name="sun.os.patch.level" value=""/>
    <property name="native.encoding" value="Cp1252"/>
    <property name="java.library.path" value="C:\Users\saran\.p2\pool\plugins\org.eclipse.justj.openjdk.hotspot.jre.full.win32.x86_64_21.0.6.v20250130-0529\jre\bin;C:\windows\Sun\Java\bin;C:\windows\system32;C:\windows;C:/Users/saran/.p2/pool/plugins/org.eclipse.justj.openjdk.hotspot.jre.full.win32.x86_64_21.0.6.v20250130-0529/jre/bin/server;C:/Users/saran/.p2/pool/plugins/org.eclipse.justj.openjdk.hotspot.jre.full.win32.x86_64_21.0.6.v20250130-0529/jre/bin;C:\oraclexe\app\oracle\product\11.2.0\server\bin;C:\Program Files\Python312\Scripts\;C:\Program Files\Python312\;C:\oraclexe\app\oracle\product\11.2.0\server\bin;C:\Program Files\Common Files\Oracle\Java\javapath;C:\windows\system32;C:\windows;C:\windows\System32\Wbem;C:\windows\System32\WindowsPowerShell\v1.0\;C:\windows\System32\OpenSSH\;C:\Program Files\Java\jdk-21\bin;C:\Gradle\gradle-8.7-bin\gradle-8.7\bin;C:\ProgramData\chocolatey\bin;C:\Program Files\Git\cmd;C:\Program Files\maven\bin;C:\ngrok;C:\Users\saran\AppData\Local\Microsoft\WindowsApps;C:\Users\saran\AppData\Local\Programs\Microsoft VS Code\bin;;C:\windows\System32;;."/>
    <property name="java.vm.info" value="mixed mode, sharing"/>
    <property name="stderr.encoding" value="Cp1252"/>
    <property name="java.vendor" value="Eclipse Adoptium"/>
    <property name="java.vm.version" value="21.0.6+7-LTS"/>
    <property name="sun.io.unicode.encoding" value="UnicodeLittle"/>
    <property name="java.class.version" value="65.0"/>
  </properties>
  <testcase name="runScenario[&quot;Test the login functionality and verify the quick launch options in OrangeHRM&quot;, &quot;OrangeHRM Login and Dashboard Feature&quot;](1)" classname="runner.RunnerClass" time="7.642">
    <system-out><![CDATA[
@tag @LoginAndQuickStartValidation
Scenario Outline: Test the login functionality and verify the quick launch options in OrangeHRM # src/test/resources/com/features/OrangeHrmLogin.feature:24
  Given the user is on the OrangeHRM login page                                                 # stepDefinition.OrangeHrmQuickStartStepDef.the_user_is_on_the_orange_hrm_login_page()
  When the user enters the valid username "Admin"                                               # stepDefinition.OrangeHrmQuickStartStepDef.the_user_enters_the_valid_username(java.lang.String)
  And the user enters the valid password "admin123"                                             # stepDefinition.OrangeHrmQuickStartStepDef.the_user_enters_the_valid_password(java.lang.String)
  And the user clicks the login button                                                          # stepDefinition.OrangeHrmQuickStartStepDef.the_user_clicks_the_login_button()
  Then the user should be able to see the dashboard of OrangeHRM                                # stepDefinition.OrangeHrmQuickStartStepDef.the_user_should_be_able_to_see_the_dashboard_of_orange_hrm()
  When the user views the quick launch section                                                  # stepDefinition.OrangeHrmQuickStartStepDef.the_user_views_the_quick_launch_section()
the element is:Assign Leave
  Then the user should see the option "Assign Leave"                                            # stepDefinition.OrangeHrmQuickStartStepDef.the_user_should_see_the_option(java.lang.String)
]]></system-out>
    <system-err><![CDATA[SLF4J(W): No SLF4J providers were found.
SLF4J(W): Defaulting to no-operation (NOP) logger implementation
SLF4J(W): See https://www.slf4j.org/codes.html#noProviders for further details.
]]></system-err>
  </testcase>
  <testcase name="runScenario[&quot;Test the login functionality and verify the quick launch options in OrangeHRM&quot;, &quot;OrangeHRM Login and Dashboard Feature&quot;](2)" classname="runner.RunnerClass" time="17.416">
    <system-out><![CDATA[
@tag @LoginAndQuickStartValidation
Scenario Outline: Test the login functionality and verify the quick launch options in OrangeHRM # src/test/resources/com/features/OrangeHrmLogin.feature:25
  Given the user is on the OrangeHRM login page                                                 # stepDefinition.OrangeHrmQuickStartStepDef.the_user_is_on_the_orange_hrm_login_page()
  When the user enters the valid username "Admin"                                               # stepDefinition.OrangeHrmQuickStartStepDef.the_user_enters_the_valid_username(java.lang.String)
  And the user enters the valid password "admin123"                                             # stepDefinition.OrangeHrmQuickStartStepDef.the_user_enters_the_valid_password(java.lang.String)
  And the user clicks the login button                                                          # stepDefinition.OrangeHrmQuickStartStepDef.the_user_clicks_the_login_button()
  Then the user should be able to see the dashboard of OrangeHRM                                # stepDefinition.OrangeHrmQuickStartStepDef.the_user_should_be_able_to_see_the_dashboard_of_orange_hrm()
  When the user views the quick launch section                                                  # stepDefinition.OrangeHrmQuickStartStepDef.the_user_views_the_quick_launch_section()
the element is:Leave List
  Then the user should see the option "Leave List"                                              # stepDefinition.OrangeHrmQuickStartStepDef.the_user_should_see_the_option(java.lang.String)
]]></system-out>
  </testcase>
  <testcase name="runScenario[&quot;Test the login functionality and verify the quick launch options in OrangeHRM&quot;, &quot;OrangeHRM Login and Dashboard Feature&quot;](3)" classname="runner.RunnerClass" time="7.303">
    <system-out><![CDATA[
@tag @LoginAndQuickStartValidation
Scenario Outline: Test the login functionality and verify the quick launch options in OrangeHRM # src/test/resources/com/features/OrangeHrmLogin.feature:26
  Given the user is on the OrangeHRM login page                                                 # stepDefinition.OrangeHrmQuickStartStepDef.the_user_is_on_the_orange_hrm_login_page()
  When the user enters the valid username "Admin"                                               # stepDefinition.OrangeHrmQuickStartStepDef.the_user_enters_the_valid_username(java.lang.String)
  And the user enters the valid password "admin123"                                             # stepDefinition.OrangeHrmQuickStartStepDef.the_user_enters_the_valid_password(java.lang.String)
  And the user clicks the login button                                                          # stepDefinition.OrangeHrmQuickStartStepDef.the_user_clicks_the_login_button()
  Then the user should be able to see the dashboard of OrangeHRM                                # stepDefinition.OrangeHrmQuickStartStepDef.the_user_should_be_able_to_see_the_dashboard_of_orange_hrm()
  When the user views the quick launch section                                                  # stepDefinition.OrangeHrmQuickStartStepDef.the_user_views_the_quick_launch_section()
the element is:Timesheets
  Then the user should see the option "Timesheets"                                              # stepDefinition.OrangeHrmQuickStartStepDef.the_user_should_see_the_option(java.lang.String)
]]></system-out>
  </testcase>
  <testcase name="runScenario[&quot;Test the login functionality and verify the quick launch options in OrangeHRM&quot;, &quot;OrangeHRM Login and Dashboard Feature&quot;](4)" classname="runner.RunnerClass" time="7.242">
    <system-out><![CDATA[
@tag @LoginAndQuickStartValidation
Scenario Outline: Test the login functionality and verify the quick launch options in OrangeHRM # src/test/resources/com/features/OrangeHrmLogin.feature:27
  Given the user is on the OrangeHRM login page                                                 # stepDefinition.OrangeHrmQuickStartStepDef.the_user_is_on_the_orange_hrm_login_page()
  When the user enters the valid username "Admin"                                               # stepDefinition.OrangeHrmQuickStartStepDef.the_user_enters_the_valid_username(java.lang.String)
  And the user enters the valid password "admin123"                                             # stepDefinition.OrangeHrmQuickStartStepDef.the_user_enters_the_valid_password(java.lang.String)
  And the user clicks the login button                                                          # stepDefinition.OrangeHrmQuickStartStepDef.the_user_clicks_the_login_button()
  Then the user should be able to see the dashboard of OrangeHRM                                # stepDefinition.OrangeHrmQuickStartStepDef.the_user_should_be_able_to_see_the_dashboard_of_orange_hrm()
  When the user views the quick launch section                                                  # stepDefinition.OrangeHrmQuickStartStepDef.the_user_views_the_quick_launch_section()
the element is:Apply Leave
  Then the user should see the option "Apply Leave"                                             # stepDefinition.OrangeHrmQuickStartStepDef.the_user_should_see_the_option(java.lang.String)
]]></system-out>
  </testcase>
  <testcase name="runScenario[&quot;Test the login functionality and verify the quick launch options in OrangeHRM&quot;, &quot;OrangeHRM Login and Dashboard Feature&quot;](5)" classname="runner.RunnerClass" time="11.895">
    <system-out><![CDATA[
@tag @LoginAndQuickStartValidation
Scenario Outline: Test the login functionality and verify the quick launch options in OrangeHRM # src/test/resources/com/features/OrangeHrmLogin.feature:28
  Given the user is on the OrangeHRM login page                                                 # stepDefinition.OrangeHrmQuickStartStepDef.the_user_is_on_the_orange_hrm_login_page()
  When the user enters the valid username "Admin"                                               # stepDefinition.OrangeHrmQuickStartStepDef.the_user_enters_the_valid_username(java.lang.String)
  And the user enters the valid password "admin123"                                             # stepDefinition.OrangeHrmQuickStartStepDef.the_user_enters_the_valid_password(java.lang.String)
  And the user clicks the login button                                                          # stepDefinition.OrangeHrmQuickStartStepDef.the_user_clicks_the_login_button()
  Then the user should be able to see the dashboard of OrangeHRM                                # stepDefinition.OrangeHrmQuickStartStepDef.the_user_should_be_able_to_see_the_dashboard_of_orange_hrm()
  When the user views the quick launch section                                                  # stepDefinition.OrangeHrmQuickStartStepDef.the_user_views_the_quick_launch_section()
the element is:My Leave
  Then the user should see the option "My Leave"                                                # stepDefinition.OrangeHrmQuickStartStepDef.the_user_should_see_the_option(java.lang.String)
]]></system-out>
  </testcase>
  <testcase name="runScenario[&quot;Test the login functionality and verify the quick launch options in OrangeHRM&quot;, &quot;OrangeHRM Login and Dashboard Feature&quot;](6)" classname="runner.RunnerClass" time="10.174">
    <system-out><![CDATA[
@tag @LoginAndQuickStartValidation
Scenario Outline: Test the login functionality and verify the quick launch options in OrangeHRM # src/test/resources/com/features/OrangeHrmLogin.feature:29
  Given the user is on the OrangeHRM login page                                                 # stepDefinition.OrangeHrmQuickStartStepDef.the_user_is_on_the_orange_hrm_login_page()
  When the user enters the valid username "Admin"                                               # stepDefinition.OrangeHrmQuickStartStepDef.the_user_enters_the_valid_username(java.lang.String)
  And the user enters the valid password "admin123"                                             # stepDefinition.OrangeHrmQuickStartStepDef.the_user_enters_the_valid_password(java.lang.String)
  And the user clicks the login button                                                          # stepDefinition.OrangeHrmQuickStartStepDef.the_user_clicks_the_login_button()
  Then the user should be able to see the dashboard of OrangeHRM                                # stepDefinition.OrangeHrmQuickStartStepDef.the_user_should_be_able_to_see_the_dashboard_of_orange_hrm()
  When the user views the quick launch section                                                  # stepDefinition.OrangeHrmQuickStartStepDef.the_user_views_the_quick_launch_section()
the element is:My Timesheet
  Then the user should see the option "My Timesheet"                                            # stepDefinition.OrangeHrmQuickStartStepDef.the_user_should_see_the_option(java.lang.String)
]]></system-out>
  </testcase>
</testsuite>