<?xml version="1.0" encoding="UTF-8"?>
<!-- Generated by org.testng.reporters.JUnitReportReporter -->
<testsuite hostname="Saranya" failures="0" tests="6" name="runner.RunnerClass" time="61.677" errors="0" timestamp="2025-04-03T07:46:19 IST" skipped="0">
  <testcase classname="runner.RunnerClass" name="runScenario" time="7.242"/>
  <testcase classname="runner.RunnerClass" name="runScenario" time="10.173"/>
  <testcase classname="runner.RunnerClass" name="runScenario" time="7.642"/>
  <testcase classname="runner.RunnerClass" name="runScenario" time="7.303"/>
  <testcase classname="runner.RunnerClass" name="runScenario" time="11.897"/>
  <testcase classname="runner.RunnerClass" name="runScenario" time="17.420"/>
</testsuite> <!-- runner.RunnerClass -->
